<?xml version="1.0" encoding="UTF-8"?>
<!-- Generated by org.testng.reporters.JUnitReportReporter -->
<testsuite hostname="LAPTOP-FKDPNV7C" failures="0" tests="1" name="com.test.LoginTest" time="2.282" errors="0" timestamp="2023-02-21T11:25:25 IST" skipped="0">
  <testcase classname="com.test.LoginTest" name="loginTest" time="2.282"/>
  <system-out/>
</testsuite> <!-- com.test.LoginTest -->
